2020-05-11 21:55:03 INFO  :33 - 20. Компьютерные+сети.+Методичка+1.+Ethernet+1+%282%29.pdf - 4,54 Мбайт
2020-05-11 21:55:03 INFO  :33 - lesson_1_home_work.pkt - 8,93 Кбайт
2020-05-11 21:55:03 INFO  :33 - Урок 1.pptx - 3,99 Мбайт
2020-05-11 21:55:03 INFO  :33 - 20. Компьютерные+сети.+Методичка+2.+Ethernet+2.pdf - 2,19 Мбайт
2020-05-11 21:55:03 INFO  :33 - lesson_1_home_work_complete.pkt - 8,88 Кбайт
2020-05-11 21:55:03 INFO  :33 - lesson_2.pkt - 10,69 Кбайт
2020-05-11 21:55:03 INFO  :33 - lesson_2_home_work.pkt - 13,01 Кбайт
2020-05-11 21:55:03 INFO  :33 - Урок 2.pptx - 2,53 Мбайт
2020-05-11 21:55:03 INFO  :33 - 20. Компьютерные+сети.+Методичка+3.+Сетевой+1.pdf - 731,88 Кбайт
2020-05-11 21:55:03 INFO  :33 - ip_addr.xlsx - 10,98 Кбайт
2020-05-11 21:55:03 INFO  :33 - lesson_2_home_work_complete.pkt - 14,1 Кбайт
2020-05-11 21:55:03 INFO  :33 - lesson_3.pkt - 14,21 Кбайт
2020-05-11 21:55:03 INFO  :33 - lesson_3_home_work.pkt - 48,7 Кбайт
2020-05-11 21:55:03 INFO  :33 - 20. Компьютерные+сети.+Методичка+4.+Сетевой+2.pdf - 648,29 Кбайт
2020-05-11 21:55:03 INFO  :33 - lesson_3_home_work_complete.pkt - 53,58 Кбайт
2020-05-11 21:55:03 INFO  :33 - lesson_4.pkt - 69,85 Кбайт
2020-05-11 21:55:03 INFO  :33 - lesson_4_home_work.pkt - 48,64 Кбайт
2020-05-11 21:55:03 INFO  :33 - 20. Компьютерные+сети.+Методичка+5.Транспортный.pdf - 1,52 Мбайт
2020-05-11 21:55:03 INFO  :33 - lesson_4_home_work_complete.pkt - 49,29 Кбайт
2020-05-11 21:55:03 INFO  :33 - lesson_5.pkt - 155,55 Кбайт
2020-05-11 21:55:03 INFO  :33 - lesson_5_home_work.pkt - 121,4 Кбайт
2020-05-11 21:55:03 INFO  :33 - Урок 5.+Транспортный.+Презентация.pptx - 1009,93 Кбайт
2020-05-11 21:55:03 INFO  :33 - 20 Компьютерные+сети.+Урок+6.+Углубленное+1.+Презентация.pptx - 525,07 Кбайт
2020-05-11 21:55:03 INFO  :33 - 20. Компьютерные+сети.+Методичка+6.+Углубленное+1.pdf - 4,67 Мбайт
2020-05-11 21:55:04 INFO  :33 - lesson_5_home_work_complete.pkt - 121,75 Кбайт
2020-05-11 21:55:04 INFO  :33 - lesson_6.pkt - 190,07 Кбайт
2020-05-11 21:55:04 INFO  :33 - lesson_6_home_work.pkt - 181,46 Кбайт
2020-05-11 21:55:04 INFO  :33 - Урок 5.+Транспортный.+Презентация.pptx - 1009,93 Кбайт
2020-05-11 21:55:04 INFO  :33 - 20. Компьютерные+сети.+Методичка+7.+Углубленное+2.pdf - 2,1 Мбайт
2020-05-11 21:55:04 INFO  :33 - lesson_6_home_work_complete.pkt - 182,96 Кбайт
2020-05-11 21:55:04 INFO  :33 - lesson_7 (1).pkt - 15,03 Кбайт
2020-05-11 21:55:04 INFO  :33 - lesson_7.pkt - 25,45 Кбайт
2020-05-11 21:55:04 INFO  :33 - lesson_7_completed.pkt - 25,45 Кбайт
2020-05-11 21:55:04 INFO  :33 - lesson_7_home_work.pkt - 14,62 Кбайт
2020-05-11 21:55:04 INFO  :33 - 20. Компьютерные+сети.+Методичка+8.Прикладной.pdf - 2,14 Мбайт
2020-05-11 21:55:04 INFO  :33 - lesson_7_home_work_complete.pkt - 16,55 Кбайт
2020-05-11 21:55:04 INFO  :33 - lesson_8_complete.pkt - 105,69 Кбайт
2020-05-11 21:55:04 INFO  :33 - lesson_8_home_work.pkt - 106,23 Кбайт
2020-05-11 21:55:04 INFO  :33 - Урок 8.pptx - 970,28 Кбайт
2020-05-11 21:55:04 INFO  :33 - Новый текстовый документ (2).txt - 15,0 байт
